<?xml version="1.0" encoding="UTF-8"?>
<testng-results skipped="0" failed="0" ignored="0" total="2" passed="2">
  <reporter-output>
  </reporter-output>
  <suite name="Suite" duration-ms="45604" started-at="2018-12-19T15:20:22Z" finished-at="2018-12-19T15:21:07Z">
    <groups>
    </groups>
    <test name="Test" duration-ms="18957" started-at="2018-12-19T15:20:22Z" finished-at="2018-12-19T15:20:41Z">
      <class name="Linkedin.Outlook.GetLinkeDinDataIntoExcel">
        <test-method status="PASS" signature="launchBrowser()[pri:0, instance:Linkedin.Outlook.GetLinkeDinDataIntoExcel@22f71333]" name="launchBrowser" is-config="true" duration-ms="2399" started-at="2018-12-19T20:50:22Z" finished-at="2018-12-19T20:50:24Z">
          <reporter-output>
          </reporter-output>
        </test-method> <!-- launchBrowser -->
        <test-method status="PASS" signature="setup()[pri:0, instance:Linkedin.Outlook.GetLinkeDinDataIntoExcel@22f71333]" name="setup" duration-ms="14198" started-at="2018-12-19T20:50:24Z" finished-at="2018-12-19T20:50:38Z">
          <reporter-output>
          </reporter-output>
        </test-method> <!-- setup -->
        <test-method status="PASS" signature="closeBrowser()[pri:0, instance:Linkedin.Outlook.GetLinkeDinDataIntoExcel@22f71333]" name="closeBrowser" is-config="true" duration-ms="2344" started-at="2018-12-19T20:50:38Z" finished-at="2018-12-19T20:50:41Z">
          <reporter-output>
          </reporter-output>
        </test-method> <!-- closeBrowser -->
      </class> <!-- Linkedin.Outlook.GetLinkeDinDataIntoExcel -->
    </test> <!-- Test -->
    <test name="Test1" duration-ms="26590" started-at="2018-12-19T15:20:41Z" finished-at="2018-12-19T15:21:07Z">
      <class name="Linkedin.Outlook.GetLinkedinEmailFromOutlook">
        <test-method status="PASS" signature="launchBrowser()[pri:0, instance:Linkedin.Outlook.GetLinkedinEmailFromOutlook@13fee20c]" name="launchBrowser" is-config="true" duration-ms="1257" started-at="2018-12-19T20:50:41Z" finished-at="2018-12-19T20:50:42Z">
          <reporter-output>
          </reporter-output>
        </test-method> <!-- launchBrowser -->
        <test-method status="PASS" signature="setup()[pri:0, instance:Linkedin.Outlook.GetLinkedinEmailFromOutlook@13fee20c]" name="setup" duration-ms="22959" started-at="2018-12-19T20:50:42Z" finished-at="2018-12-19T20:51:05Z">
          <reporter-output>
          </reporter-output>
        </test-method> <!-- setup -->
        <test-method status="PASS" signature="closeBrowser()[pri:0, instance:Linkedin.Outlook.GetLinkedinEmailFromOutlook@13fee20c]" name="closeBrowser" is-config="true" duration-ms="2371" started-at="2018-12-19T20:51:05Z" finished-at="2018-12-19T20:51:07Z">
          <reporter-output>
          </reporter-output>
        </test-method> <!-- closeBrowser -->
      </class> <!-- Linkedin.Outlook.GetLinkedinEmailFromOutlook -->
    </test> <!-- Test1 -->
  </suite> <!-- Suite -->
</testng-results>
